[2025-07-14T05:45:15.721Z] ➡️  /webhook/pubsub-push called. Raw body: {"message":{"data":"eyJlbWFpbEFkZHJlc3MiOiJzaWxlbnRodXN0bGVwZ2VAZ21haWwuY29tIiwiaGlzdG9yeUlkIjo4MTQzfQ==","messageId":"15540071555665237","message_id":"15540071555665237","publishTime":"2025-07-14T05:45:15.648Z","publish_time":"2025-07-14T05:45:15.648Z"},"subscription":"projects/tempmail-465904/subscriptions/temp-mail-sub"}
[2025-07-14T05:45:15.726Z] 🔔 Pub/Sub notification received with historyId: 8143
[2025-07-14T05:45:16.319Z] 📭 No new message history found
[2025-07-14T05:45:23.628Z] ➡️  /webhook/pubsub-push called. Raw body: {"message":{"data":"eyJlbWFpbEFkZHJlc3MiOiJzaWxlbnRodXN0bGVwZ2VAZ21haWwuY29tIiwiaGlzdG9yeUlkIjo4MTg5fQ==","messageId":"15540074083154454","message_id":"15540074083154454","publishTime":"2025-07-14T05:45:23.599Z","publish_time":"2025-07-14T05:45:23.599Z"},"subscription":"projects/tempmail-465904/subscriptions/temp-mail-sub"}
[2025-07-14T05:45:23.636Z] 🔔 Pub/Sub notification received with historyId: 8189
[2025-07-14T05:45:23.825Z] 📭 No new message history found
[2025-07-14T05:46:04.980Z] ➡️  /webhook/pubsub-push called. Raw body: {"message":{"data":"eyJlbWFpbEFkZHJlc3MiOiJzaWxlbnRodXN0bGVwZ2VAZ21haWwuY29tIiwiaGlzdG9yeUlkIjo4MjI1fQ==","messageId":"15002674339979036","message_id":"15002674339979036","publishTime":"2025-07-14T05:46:04.884Z","publish_time":"2025-07-14T05:46:04.884Z"},"subscription":"projects/tempmail-465904/subscriptions/temp-mail-sub"}
[2025-07-14T05:46:04.984Z] 🔔 Pub/Sub notification received with historyId: 8225
[2025-07-14T05:46:05.191Z] 📭 No new message history found
[2025-07-14T05:46:18.584Z] ➡️  /webhook/pubsub-push called. Raw body: {"message":{"data":"eyJlbWFpbEFkZHJlc3MiOiJzaWxlbnRodXN0bGVwZ2VAZ21haWwuY29tIiwiaGlzdG9yeUlkIjo4MjcxfQ==","messageId":"15540076790732067","message_id":"15540076790732067","publishTime":"2025-07-14T05:46:18.549Z","publish_time":"2025-07-14T05:46:18.549Z"},"subscription":"projects/tempmail-465904/subscriptions/temp-mail-sub"}
[2025-07-14T05:46:18.589Z] 🔔 Pub/Sub notification received with historyId: 8271
[2025-07-14T05:46:18.773Z] 📭 No new message history found
[2025-07-14T05:56:48.511Z] ➡️  /webhook/pubsub-push called. Raw body: {"message":{"data":"eyJlbWFpbEFkZHJlc3MiOiJzaWxlbnRodXN0bGVwZ2VAZ21haWwuY29tIiwiaGlzdG9yeUlkIjo4MzE4fQ==","messageId":"15540025508695047","message_id":"15540025508695047","publishTime":"2025-07-14T05:56:48.41Z","publish_time":"2025-07-14T05:56:48.41Z"},"subscription":"projects/tempmail-465904/subscriptions/temp-mail-sub"}
[2025-07-14T05:56:48.518Z] 🔔 Pub/Sub notification received with historyId: 8318
[2025-07-14T05:56:49.087Z] 📭 No new message history found for this historyId.
[2025-07-14T05:56:54.204Z] ➡️  /webhook/pubsub-push called. Raw body: {"message":{"data":"eyJlbWFpbEFkZHJlc3MiOiJzaWxlbnRodXN0bGVwZ2VAZ21haWwuY29tIiwiaGlzdG9yeUlkIjo4MzI2fQ==","messageId":"15540025508714781","message_id":"15540025508714781","publishTime":"2025-07-14T05:56:54.174Z","publish_time":"2025-07-14T05:56:54.174Z"},"subscription":"projects/tempmail-465904/subscriptions/temp-mail-sub"}
[2025-07-14T05:56:54.208Z] 🔔 Pub/Sub notification received with historyId: 8326
[2025-07-14T05:56:54.601Z] 📭 No new message history found for this historyId.
[2025-07-14T05:56:57.689Z] ➡️  /webhook/pubsub-push called. Raw body: {"message":{"data":"eyJlbWFpbEFkZHJlc3MiOiJzaWxlbnRodXN0bGVwZ2VAZ21haWwuY29tIiwiaGlzdG9yeUlkIjo4MzM0fQ==","messageId":"15540140796900448","message_id":"15540140796900448","publishTime":"2025-07-14T05:56:57.79Z","publish_time":"2025-07-14T05:56:57.79Z"},"subscription":"projects/tempmail-465904/subscriptions/temp-mail-sub"}
[2025-07-14T05:56:57.692Z] 🔔 Pub/Sub notification received with historyId: 8334
[2025-07-14T05:56:57.818Z] 📭 No new message history found for this historyId.
[2025-07-14T05:57:00.859Z] ➡️  /webhook/pubsub-push called. Raw body: {"message":{"data":"eyJlbWFpbEFkZHJlc3MiOiJzaWxlbnRodXN0bGVwZ2VAZ21haWwuY29tIiwiaGlzdG9yeUlkIjo4MzgwfQ==","messageId":"15540025508737226","message_id":"15540025508737226","publishTime":"2025-07-14T05:57:00.826Z","publish_time":"2025-07-14T05:57:00.826Z"},"subscription":"projects/tempmail-465904/subscriptions/temp-mail-sub"}
[2025-07-14T05:57:00.868Z] 🔔 Pub/Sub notification received with historyId: 8380
[2025-07-14T05:57:01.023Z] 📭 No new message history found for this historyId.
[2025-07-14T06:04:52.905Z] ➡️  /webhook/pubsub-push called. Raw body: {"message":{"data":"eyJlbWFpbEFkZHJlc3MiOiJzaWxlbnRodXN0bGVwZ2VAZ21haWwuY29tIiwiaGlzdG9yeUlkIjo4NDU4fQ==","messageId":"15540159506995503","message_id":"15540159506995503","publishTime":"2025-07-14T06:04:52.834Z","publish_time":"2025-07-14T06:04:52.834Z"},"subscription":"projects/tempmail-465904/subscriptions/temp-mail-sub"}
[2025-07-14T06:04:52.909Z] 🔔 Pub/Sub notification received with historyId: 8458
[2025-07-14T06:04:53.150Z] 📭 No new message history found for this historyId.
[2025-07-14T06:05:12.995Z] ➡️  /webhook/pubsub-push called. Raw body: {"message":{"data":"eyJlbWFpbEFkZHJlc3MiOiJzaWxlbnRodXN0bGVwZ2VAZ21haWwuY29tIiwiaGlzdG9yeUlkIjo4NDc5fQ==","messageId":"15539955200840808","message_id":"15539955200840808","publishTime":"2025-07-14T06:05:12.938Z","publish_time":"2025-07-14T06:05:12.938Z"},"subscription":"projects/tempmail-465904/subscriptions/temp-mail-sub"}
[2025-07-14T06:05:12.999Z] 🔔 Pub/Sub notification received with historyId: 8479
[2025-07-14T06:05:13.306Z] 📭 No new message history found for this historyId.
[2025-07-14T06:05:18.150Z] ➡️  /webhook/pubsub-push called. Raw body: {"message":{"data":"eyJlbWFpbEFkZHJlc3MiOiJzaWxlbnRodXN0bGVwZ2VAZ21haWwuY29tIiwiaGlzdG9yeUlkIjo4NDkwfQ==","messageId":"15539848364753984","message_id":"15539848364753984","publishTime":"2025-07-14T06:05:18.291Z","publish_time":"2025-07-14T06:05:18.291Z"},"subscription":"projects/tempmail-465904/subscriptions/temp-mail-sub"}
[2025-07-14T06:05:18.163Z] 🔔 Pub/Sub notification received with historyId: 8490
[2025-07-14T06:05:18.439Z] 📭 No new message history found for this historyId.
[2025-07-14T06:05:21.968Z] ➡️  /webhook/pubsub-push called. Raw body: {"message":{"data":"eyJlbWFpbEFkZHJlc3MiOiJzaWxlbnRodXN0bGVwZ2VAZ21haWwuY29tIiwiaGlzdG9yeUlkIjo4NDk4fQ==","messageId":"15539955200865796","message_id":"15539955200865796","publishTime":"2025-07-14T06:05:21.944Z","publish_time":"2025-07-14T06:05:21.944Z"},"subscription":"projects/tempmail-465904/subscriptions/temp-mail-sub"}
[2025-07-14T06:05:21.971Z] 🔔 Pub/Sub notification received with historyId: 8498
[2025-07-14T06:05:22.116Z] 📭 No new message history found for this historyId.
[2025-07-14T06:05:23.531Z] ➡️  /webhook/pubsub-push called. Raw body: {"message":{"data":"eyJlbWFpbEFkZHJlc3MiOiJzaWxlbnRodXN0bGVwZ2VAZ21haWwuY29tIiwiaGlzdG9yeUlkIjo4NTQ2fQ==","messageId":"15539700951907745","message_id":"15539700951907745","publishTime":"2025-07-14T06:05:23.54Z","publish_time":"2025-07-14T06:05:23.54Z"},"subscription":"projects/tempmail-465904/subscriptions/temp-mail-sub"}
[2025-07-14T06:05:23.533Z] 🔔 Pub/Sub notification received with historyId: 8546
[2025-07-14T06:05:23.666Z] 📭 No new message history found for this historyId.
[2025-07-14T06:15:12.684Z] ➡️  /webhook/pubsub-push called. Raw body: {"message":{"data":"eyJlbWFpbEFkZHJlc3MiOiJzaWxlbnRodXN0bGVwZ2VAZ21haWwuY29tIiwiaGlzdG9yeUlkIjo4NjQyfQ==","messageId":"15539885259641087","message_id":"15539885259641087","publishTime":"2025-07-14T06:15:12.656Z","publish_time":"2025-07-14T06:15:12.656Z"},"subscription":"projects/tempmail-465904/subscriptions/temp-mail-sub"}
[2025-07-14T06:15:12.693Z] 🔔 Pub/Sub notification received with historyId: 8642
[2025-07-14T06:15:12.886Z] 📭 No new message history found for this historyId.
[2025-07-14T06:15:18.782Z] ➡️  /webhook/pubsub-push called. Raw body: {"message":{"data":"eyJlbWFpbEFkZHJlc3MiOiJzaWxlbnRodXN0bGVwZ2VAZ21haWwuY29tIiwiaGlzdG9yeUlkIjo4NjU2fQ==","messageId":"15539735364128142","message_id":"15539735364128142","publishTime":"2025-07-14T06:15:18.747Z","publish_time":"2025-07-14T06:15:18.747Z"},"subscription":"projects/tempmail-465904/subscriptions/temp-mail-sub"}
[2025-07-14T06:15:18.786Z] 🔔 Pub/Sub notification received with historyId: 8656
[2025-07-14T06:15:18.985Z] 📭 No new message history found for this historyId.
[2025-07-14T06:15:23.658Z] ➡️  /webhook/pubsub-push called. Raw body: {"message":{"data":"eyJlbWFpbEFkZHJlc3MiOiJzaWxlbnRodXN0bGVwZ2VAZ21haWwuY29tIiwiaGlzdG9yeUlkIjo4NjgxfQ==","messageId":"15540148398141138","message_id":"15540148398141138","publishTime":"2025-07-14T06:15:23.798Z","publish_time":"2025-07-14T06:15:23.798Z"},"subscription":"projects/tempmail-465904/subscriptions/temp-mail-sub"}
[2025-07-14T06:15:23.662Z] 🔔 Pub/Sub notification received with historyId: 8681
[2025-07-14T06:15:23.793Z] 📭 No new message history found for this historyId.
[2025-07-14T06:22:37.164Z] ➡️  /webhook/pubsub-push called. Raw body: {"message":{"data":"eyJlbWFpbEFkZHJlc3MiOiJzaWxlbnRodXN0bGVwZ2VAZ21haWwuY29tIiwiaGlzdG9yeUlkIjo4NzgxfQ==","messageId":"15540164093599576","message_id":"15540164093599576","publishTime":"2025-07-14T06:22:37.145Z","publish_time":"2025-07-14T06:22:37.145Z"},"subscription":"projects/tempmail-465904/subscriptions/temp-mail-sub"}
[2025-07-14T06:22:37.167Z] 🔔 Pub/Sub notification received with historyId: 8781
[2025-07-14T06:22:48.381Z] 📭 No new message history found for this historyId.
[2025-07-14T06:44:09.749Z] ➡️  /webhook/pubsub-push called. Raw body: {"message":{"data":"eyJlbWFpbEFkZHJlc3MiOiJzaWxlbnRodXN0bGVwZ2VAZ21haWwuY29tIiwiaGlzdG9yeUlkIjo4ODc5fQ==","messageId":"15539847109449640","message_id":"15539847109449640","publishTime":"2025-07-14T06:44:09.698Z","publish_time":"2025-07-14T06:44:09.698Z"},"subscription":"projects/tempmail-465904/subscriptions/temp-mail-sub"}
[2025-07-14T06:44:09.761Z] 🔔 Pub/Sub notification received with historyId: 8879
[2025-07-14T06:44:09.982Z] 📭 No new message history found for this historyId.
[2025-07-14T06:45:13.959Z] ➡️  /webhook/pubsub-push called. Raw body: {"message":{"data":"eyJlbWFpbEFkZHJlc3MiOiJzaWxlbnRodXN0bGVwZ2VAZ21haWwuY29tIiwiaGlzdG9yeUlkIjo4ODkzfQ==","messageId":"15539849383673201","message_id":"15539849383673201","publishTime":"2025-07-14T06:45:14.075Z","publish_time":"2025-07-14T06:45:14.075Z"},"subscription":"projects/tempmail-465904/subscriptions/temp-mail-sub"}
[2025-07-14T06:45:13.980Z] 🔔 Pub/Sub notification received with historyId: 8893
[2025-07-14T06:45:14.276Z] 📭 No new message history found for this historyId.
[2025-07-14T06:45:18.082Z] ➡️  /webhook/pubsub-push called. Raw body: {"message":{"data":"eyJlbWFpbEFkZHJlc3MiOiJzaWxlbnRodXN0bGVwZ2VAZ21haWwuY29tIiwiaGlzdG9yeUlkIjo4OTAzfQ==","messageId":"15540230577075383","message_id":"15540230577075383","publishTime":"2025-07-14T06:45:18.018Z","publish_time":"2025-07-14T06:45:18.018Z"},"subscription":"projects/tempmail-465904/subscriptions/temp-mail-sub"}
[2025-07-14T06:45:18.087Z] 🔔 Pub/Sub notification received with historyId: 8903
[2025-07-14T06:45:18.212Z] 📭 No new message history found for this historyId.
[2025-07-14T06:45:20.920Z] ➡️  /webhook/pubsub-push called. Raw body: {"message":{"data":"eyJlbWFpbEFkZHJlc3MiOiJzaWxlbnRodXN0bGVwZ2VAZ21haWwuY29tIiwiaGlzdG9yeUlkIjo4OTI4fQ==","messageId":"15540230577086031","message_id":"15540230577086031","publishTime":"2025-07-14T06:45:20.845Z","publish_time":"2025-07-14T06:45:20.845Z"},"subscription":"projects/tempmail-465904/subscriptions/temp-mail-sub"}
[2025-07-14T06:45:20.924Z] 🔔 Pub/Sub notification received with historyId: 8928
[2025-07-14T06:45:21.073Z] 📭 No new message history found for this historyId.
[2025-07-14T06:50:32.370Z] ➡️  /webhook/pubsub-push called. Raw body: {"message":{"data":"eyJlbWFpbEFkZHJlc3MiOiJzaWxlbnRodXN0bGVwZ2VAZ21haWwuY29tIiwiaGlzdG9yeUlkIjo5MDMwfQ==","messageId":"15540090607205687","message_id":"15540090607205687","publishTime":"2025-07-14T06:50:32.397Z","publish_time":"2025-07-14T06:50:32.397Z"},"subscription":"projects/tempmail-465904/subscriptions/temp-mail-sub"}
[2025-07-14T06:50:32.375Z] 🔔 Pub/Sub notification received with historyId: 9030
[2025-07-14T06:50:32.582Z] 📭 No new message history found for this historyId.
[2025-07-14T06:58:02.399Z] ➡️  /webhook/pubsub-push called. Raw body: {"message":{"data":"eyJlbWFpbEFkZHJlc3MiOiJzaWxlbnRodXN0bGVwZ2VAZ21haWwuY29tIiwiaGlzdG9yeUlkIjo5MDkwfQ==","messageId":"15540321026272929","message_id":"15540321026272929","publishTime":"2025-07-14T06:58:02.379Z","publish_time":"2025-07-14T06:58:02.379Z"},"subscription":"projects/tempmail-465904/subscriptions/temp-mail-sub"}
[2025-07-14T06:58:02.402Z] 🔔 Pub/Sub notification received with historyId: 9090
[2025-07-14T06:58:04.413Z] ⏳ Waited 2 seconds before fetching Gmail history to avoid race condition.
[2025-07-14T06:58:04.978Z] 📭 No new message history found for this historyId.
[2025-07-14T06:58:27.488Z] ➡️  /webhook/pubsub-push called. Raw body: {"message":{"data":"eyJlbWFpbEFkZHJlc3MiOiJzaWxlbnRodXN0bGVwZ2VAZ21haWwuY29tIiwiaGlzdG9yeUlkIjo5MTI5fQ==","messageId":"15540125824145064","message_id":"15540125824145064","publishTime":"2025-07-14T06:58:27.433Z","publish_time":"2025-07-14T06:58:27.433Z"},"subscription":"projects/tempmail-465904/subscriptions/temp-mail-sub"}
[2025-07-14T06:58:27.494Z] 🔔 Pub/Sub notification received with historyId: 9129
[2025-07-14T06:58:28.087Z] ➡️  /webhook/pubsub-push called. Raw body: {"message":{"data":"eyJlbWFpbEFkZHJlc3MiOiJzaWxlbnRodXN0bGVwZ2VAZ21haWwuY29tIiwiaGlzdG9yeUlkIjo5MTYzfQ==","messageId":"15540271870414741","message_id":"15540271870414741","publishTime":"2025-07-14T06:58:28.098Z","publish_time":"2025-07-14T06:58:28.098Z"},"subscription":"projects/tempmail-465904/subscriptions/temp-mail-sub"}
[2025-07-14T06:58:28.093Z] 🔔 Pub/Sub notification received with historyId: 9163
[2025-07-14T06:58:29.506Z] ⏳ Waited 2 seconds before fetching Gmail history to avoid race condition.
[2025-07-14T06:58:29.696Z] 📭 No new message history found for this historyId.
[2025-07-14T06:58:30.112Z] ⏳ Waited 2 seconds before fetching Gmail history to avoid race condition.
[2025-07-14T06:58:30.247Z] 📭 No new message history found for this historyId.
[2025-07-14T07:02:56.000Z] ➡️  /webhook/pubsub-push called. Raw body: {"message":{"data":"eyJlbWFpbEFkZHJlc3MiOiJzaWxlbnRodXN0bGVwZ2VAZ21haWwuY29tIiwiaGlzdG9yeUlkIjo5MjQ3fQ==","messageId":"15539904475008550","message_id":"15539904475008550","publishTime":"2025-07-14T07:02:55.93Z","publish_time":"2025-07-14T07:02:55.93Z"},"subscription":"projects/tempmail-465904/subscriptions/temp-mail-sub"}
[2025-07-14T07:02:56.012Z] 🔔 Pub/Sub notification received with historyId: 9247
[2025-07-14T07:02:58.039Z] ⏳ Waited 2 seconds before fetching Gmail history to avoid race condition.
[2025-07-14T07:02:58.051Z] 📜 Last processed historyId: null
[2025-07-14T07:02:58.056Z] 🔎 Using startHistoryId: 9247
[2025-07-14T07:02:58.619Z] 📭 No new message history found for this historyId.
[2025-07-14T07:03:01.810Z] ➡️  /webhook/pubsub-push called. Raw body: {"message":{"data":"eyJlbWFpbEFkZHJlc3MiOiJzaWxlbnRodXN0bGVwZ2VAZ21haWwuY29tIiwiaGlzdG9yeUlkIjo5MjYyfQ==","messageId":"15540138829514983","message_id":"15540138829514983","publishTime":"2025-07-14T07:03:01.784Z","publish_time":"2025-07-14T07:03:01.784Z"},"subscription":"projects/tempmail-465904/subscriptions/temp-mail-sub"}
[2025-07-14T07:03:01.818Z] 🔔 Pub/Sub notification received with historyId: 9262
[2025-07-14T07:03:03.832Z] ⏳ Waited 2 seconds before fetching Gmail history to avoid race condition.
[2025-07-14T07:03:03.838Z] 📜 Last processed historyId: 9247
[2025-07-14T07:03:03.840Z] 🔎 Using startHistoryId: 9247
[2025-07-14T07:03:04.019Z] 📭 No new message history found for this historyId.
